F:\CODE\CONSOLEAPPLICATION1\CONSOLEAPPLICATION1\DEBUG\PICTURELABLE.OBJ
F:\CODE\CONSOLEAPPLICATION1\CONSOLEAPPLICATION1\DEBUG\VC110.PDB
F:\CODE\CONSOLEAPPLICATION1\DEBUG\CONSOLEAPPLICATION1.ILK
F:\CODE\CONSOLEAPPLICATION1\DEBUG\CONSOLEAPPLICATION1.EXE
F:\CODE\CONSOLEAPPLICATION1\DEBUG\CONSOLEAPPLICATION1.PDB
F:\Code\ConsoleApplication1\ConsoleApplication1\Debug\PictureLable.obj
F:\Code\ConsoleApplication1\ConsoleApplication1\Debug\cl.command.1.tlog
F:\Code\ConsoleApplication1\ConsoleApplication1\Debug\CL.read.1.tlog
F:\Code\ConsoleApplication1\ConsoleApplication1\Debug\CL.write.1.tlog
F:\Code\ConsoleApplication1\ConsoleApplication1\Debug\link-cvtres.read.1.tlog
F:\Code\ConsoleApplication1\ConsoleApplication1\Debug\link-cvtres.write.1.tlog
F:\Code\ConsoleApplication1\ConsoleApplication1\Debug\link-rc.read.1.tlog
F:\Code\ConsoleApplication1\ConsoleApplication1\Debug\link-rc.write.1.tlog
F:\Code\ConsoleApplication1\ConsoleApplication1\Debug\link.command.1.tlog
F:\Code\ConsoleApplication1\ConsoleApplication1\Debug\link.read.1.tlog
F:\Code\ConsoleApplication1\ConsoleApplication1\Debug\link.write.1.tlog
F:\Code\ConsoleApplication1\ConsoleApplication1\Debug\vc110.idb
F:\Code\ConsoleApplication1\ConsoleApplication1\Debug\vc110.pdb
F:\Code\ConsoleApplication1\Debug\ConsoleApplication1.pdb
F:\Code\ConsoleApplication1\Debug\ConsoleApplication1.exe
F:\Code\ConsoleApplication1\Debug\ConsoleApplication1.ilk
